<?xml version="1.0" encoding="UTF-8"?>
<testng-results ignored="0" total="1" passed="1" failed="0" skipped="0">
  <reporter-output>
  </reporter-output>
  <suite started-at="2023-11-27T22:59:48 IST" name="Default suite" finished-at="2023-11-27T23:00:52 IST" duration-ms="63591">
    <groups>
    </groups>
    <test started-at="2023-11-27T22:59:48 IST" name="Default test" finished-at="2023-11-27T23:00:52 IST" duration-ms="63591">
      <class name="flipkartTestPkg.flipkartTest">
        <test-method is-config="true" signature="setup()[pri:0, instance:flipkartTestPkg.flipkartTest@26d9b808]" started-at="2023-11-27T22:59:48 IST" name="setup" finished-at="2023-11-27T23:00:21 IST" duration-ms="32770" status="PASS">
          <reporter-output>
          </reporter-output>
        </test-method> <!-- setup -->
        <test-method signature="test()[pri:0, instance:flipkartTestPkg.flipkartTest@26d9b808]" started-at="2023-11-27T23:00:22 IST" name="test" finished-at="2023-11-27T23:00:52 IST" duration-ms="30101" status="PASS">
          <reporter-output>
          </reporter-output>
        </test-method> <!-- test -->
      </class> <!-- flipkartTestPkg.flipkartTest -->
    </test> <!-- Default test -->
  </suite> <!-- Default suite -->
</testng-results>
